<?xml version="1.0" encoding="UTF-8"?>
<coverage generated="1637745464336" clover="3.2.0">
  <project timestamp="1637745464337" name="All files">
    <metrics statements="67" coveredstatements="60" conditionals="22" coveredconditionals="17" methods="27" coveredmethods="25" elements="116" coveredelements="102" complexity="0" loc="67" ncloc="67" packages="7" files="10" classes="10"/>
    <package name="components">
      <metrics statements="5" coveredstatements="4" conditionals="2" coveredconditionals="2" methods="4" coveredmethods="3"/>
      <file name="RouterWrapper.tsx" path="D:\react\nt-todolist\src\components\RouterWrapper.tsx">
        <metrics statements="5" coveredstatements="4" conditionals="2" coveredconditionals="2" methods="4" coveredmethods="3"/>
        <line num="6" count="1" type="stmt"/>
        <line num="7" count="1" type="stmt"/>
        <line num="12" count="5" type="cond" truecount="2" falsecount="0"/>
        <line num="16" count="0" type="stmt"/>
        <line num="23" count="3" type="stmt"/>
      </file>
    </package>
    <package name="components.FormFields">
      <metrics statements="22" coveredstatements="22" conditionals="12" coveredconditionals="9" methods="10" coveredmethods="10"/>
      <file name="CheckboxGroupField.tsx" path="D:\react\nt-todolist\src\components\FormFields\CheckboxGroupField.tsx">
        <metrics statements="11" coveredstatements="11" conditionals="6" coveredconditionals="5" methods="5" coveredmethods="5"/>
        <line num="18" count="2" type="stmt"/>
        <line num="27" count="21" type="stmt"/>
        <line num="29" count="21" type="cond" truecount="1" falsecount="1"/>
        <line num="31" count="21" type="stmt"/>
        <line num="32" count="3" type="cond" truecount="2" falsecount="0"/>
        <line num="33" count="1" type="stmt"/>
        <line num="35" count="3" type="stmt"/>
        <line num="36" count="3" type="stmt"/>
        <line num="38" count="21" type="stmt"/>
        <line num="42" count="60" type="stmt"/>
        <line num="48" count="3" type="stmt"/>
      </file>
      <file name="InputField.tsx" path="D:\react\nt-todolist\src\components\FormFields\InputField.tsx">
        <metrics statements="3" coveredstatements="3" conditionals="2" coveredconditionals="2" methods="1" coveredmethods="1"/>
        <line num="11" count="2" type="stmt"/>
        <line num="21" count="95" type="stmt"/>
        <line num="22" count="95" type="stmt"/>
      </file>
      <file name="RadioGroupField.tsx" path="D:\react\nt-todolist\src\components\FormFields\RadioGroupField.tsx">
        <metrics statements="5" coveredstatements="5" conditionals="2" coveredconditionals="1" methods="3" coveredmethods="3"/>
        <line num="17" count="1" type="stmt"/>
        <line num="27" count="3" type="stmt"/>
        <line num="29" count="3" type="stmt"/>
        <line num="33" count="6" type="stmt"/>
        <line num="40" count="2" type="stmt"/>
      </file>
      <file name="TextareaField.tsx" path="D:\react\nt-todolist\src\components\FormFields\TextareaField.tsx">
        <metrics statements="3" coveredstatements="3" conditionals="2" coveredconditionals="1" methods="1" coveredmethods="1"/>
        <line num="11" count="2" type="stmt"/>
        <line num="20" count="17" type="stmt"/>
        <line num="21" count="17" type="stmt"/>
      </file>
    </package>
    <package name="features.login">
      <metrics statements="8" coveredstatements="4" conditionals="2" coveredconditionals="0" methods="2" coveredmethods="1"/>
      <file name="index.tsx" path="D:\react\nt-todolist\src\features\login\index.tsx">
        <metrics statements="8" coveredstatements="4" conditionals="2" coveredconditionals="0" methods="2" coveredmethods="1"/>
        <line num="4" count="1" type="stmt"/>
        <line num="5" count="1" type="stmt"/>
        <line num="6" count="1" type="stmt"/>
        <line num="7" count="0" type="stmt"/>
        <line num="10" count="0" type="stmt"/>
        <line num="11" count="0" type="cond" truecount="0" falsecount="2"/>
        <line num="12" count="0" type="stmt"/>
        <line num="16" count="1" type="stmt"/>
      </file>
    </package>
    <package name="features.notFound">
      <metrics statements="2" coveredstatements="2" conditionals="0" coveredconditionals="0" methods="1" coveredmethods="1"/>
      <file name="index.tsx" path="D:\react\nt-todolist\src\features\notFound\index.tsx">
        <metrics statements="2" coveredstatements="2" conditionals="0" coveredconditionals="0" methods="1" coveredmethods="1"/>
        <line num="1" count="1" type="stmt"/>
        <line num="2" count="1" type="stmt"/>
      </file>
    </package>
    <package name="features.profile">
      <metrics statements="12" coveredstatements="12" conditionals="6" coveredconditionals="6" methods="4" coveredmethods="4"/>
      <file name="index.tsx" path="D:\react\nt-todolist\src\features\profile\index.tsx">
        <metrics statements="12" coveredstatements="12" conditionals="6" coveredconditionals="6" methods="4" coveredmethods="4"/>
        <line num="22" count="1" type="stmt"/>
        <line num="34" count="16" type="cond" truecount="2" falsecount="0"/>
        <line num="35" count="14" type="stmt"/>
        <line num="37" count="2" type="cond" truecount="2" falsecount="0"/>
        <line num="40" count="1" type="stmt"/>
        <line num="41" count="11" type="stmt"/>
        <line num="42" count="11" type="stmt"/>
        <line num="59" count="11" type="stmt"/>
        <line num="63" count="11" type="stmt"/>
        <line num="64" count="1" type="stmt"/>
        <line num="66" count="11" type="stmt"/>
        <line num="143" count="16" type="stmt"/>
      </file>
    </package>
    <package name="features.screen1">
      <metrics statements="9" coveredstatements="8" conditionals="0" coveredconditionals="0" methods="3" coveredmethods="3"/>
      <file name="index.tsx" path="D:\react\nt-todolist\src\features\screen1\index.tsx">
        <metrics statements="9" coveredstatements="8" conditionals="0" coveredconditionals="0" methods="3" coveredmethods="3"/>
        <line num="6" count="2" type="stmt"/>
        <line num="7" count="6" type="stmt"/>
        <line num="8" count="6" type="stmt"/>
        <line num="9" count="3" type="stmt"/>
        <line num="10" count="3" type="stmt"/>
        <line num="11" count="3" type="stmt"/>
        <line num="12" count="3" type="stmt"/>
        <line num="14" count="0" type="stmt"/>
        <line num="19" count="6" type="stmt"/>
      </file>
    </package>
    <package name="features.screen2">
      <metrics statements="9" coveredstatements="8" conditionals="0" coveredconditionals="0" methods="3" coveredmethods="3"/>
      <file name="index.tsx" path="D:\react\nt-todolist\src\features\screen2\index.tsx">
        <metrics statements="9" coveredstatements="8" conditionals="0" coveredconditionals="0" methods="3" coveredmethods="3"/>
        <line num="6" count="2" type="stmt"/>
        <line num="7" count="4" type="stmt"/>
        <line num="9" count="4" type="stmt"/>
        <line num="10" count="2" type="stmt"/>
        <line num="11" count="2" type="stmt"/>
        <line num="12" count="2" type="stmt"/>
        <line num="13" count="2" type="stmt"/>
        <line num="15" count="0" type="stmt"/>
        <line num="19" count="4" type="stmt"/>
      </file>
    </package>
  </project>
</coverage>
