{"D:\\react\\nt-todolist\\src\\App.tsx": {"path":"D:\\react\\nt-todolist\\src\\App.tsx","statementMap":{"0":{"start":{"line":4,"column":1},"end":{"line":8,"column":3}}},"fnMap":{"0":{"name":"App","decl":{"start":{"line":3,"column":9},"end":{"line":3,"column":12}},"loc":{"start":{"line":3,"column":15},"end":{"line":9,"column":1}},"line":3}},"branchMap":{},"s":{"0":0},"f":{"0":0},"b":{}}
,"D:\\react\\nt-todolist\\src\\index.tsx": {"path":"D:\\react\\nt-todolist\\src\\index.tsx","statementMap":{"0":{"start":{"line":6,"column":0},"end":{"line":11,"column":2}}},"fnMap":{},"branchMap":{},"s":{"0":0},"f":{},"b":{}}
,"D:\\react\\nt-todolist\\src\\server.ts": {"path":"D:\\react\\nt-todolist\\src\\server.ts","statementMap":{"0":{"start":{"line":9,"column":22},"end":{"line":9,"column":50}}},"fnMap":{},"branchMap":{},"s":{"0":1},"f":{},"b":{},"_coverageSchema":"1a1c01bbd47fc00a2c39e90264f33305004495a9","hash":"f8d5080d9e2ad82ff74d4cd8c886d588dd6bddc4"}
,"D:\\react\\nt-todolist\\src\\api\\axiosClient.ts": {"path":"D:\\react\\nt-todolist\\src\\api\\axiosClient.ts","statementMap":{"0":{"start":{"line":4,"column":20},"end":{"line":9,"column":2}},"1":{"start":{"line":12,"column":0},"end":{"line":21,"column":2}},"2":{"start":{"line":15,"column":2},"end":{"line":15,"column":16}},"3":{"start":{"line":19,"column":2},"end":{"line":19,"column":31}},"4":{"start":{"line":24,"column":0},"end":{"line":35,"column":2}},"5":{"start":{"line":28,"column":2},"end":{"line":28,"column":23}},"6":{"start":{"line":33,"column":2},"end":{"line":33,"column":31}}},"fnMap":{"0":{"name":"(anonymous_0)","decl":{"start":{"line":13,"column":1},"end":{"line":13,"column":2}},"loc":{"start":{"line":13,"column":39},"end":{"line":16,"column":2}},"line":13},"1":{"name":"(anonymous_1)","decl":{"start":{"line":17,"column":1},"end":{"line":17,"column":2}},"loc":{"start":{"line":17,"column":18},"end":{"line":20,"column":2}},"line":17},"2":{"name":"(anonymous_2)","decl":{"start":{"line":25,"column":1},"end":{"line":25,"column":2}},"loc":{"start":{"line":25,"column":36},"end":{"line":29,"column":2}},"line":25},"3":{"name":"(anonymous_3)","decl":{"start":{"line":30,"column":1},"end":{"line":30,"column":2}},"loc":{"start":{"line":30,"column":18},"end":{"line":34,"column":2}},"line":30}},"branchMap":{},"s":{"0":1,"1":1,"2":12,"3":0,"4":1,"5":11,"6":1},"f":{"0":12,"1":0,"2":11,"3":1},"b":{},"_coverageSchema":"1a1c01bbd47fc00a2c39e90264f33305004495a9","hash":"c9af5c3894aabfdd3c9e491693de477872661532"}
,"D:\\react\\nt-todolist\\src\\api\\todoApi.ts": {"path":"D:\\react\\nt-todolist\\src\\api\\todoApi.ts","statementMap":{"0":{"start":{"line":4,"column":16},"end":{"line":21,"column":1}},"1":{"start":{"line":6,"column":14},"end":{"line":6,"column":21}},"2":{"start":{"line":7,"column":2},"end":{"line":7,"column":30}},"3":{"start":{"line":10,"column":14},"end":{"line":10,"column":21}},"4":{"start":{"line":11,"column":2},"end":{"line":11,"column":37}},"5":{"start":{"line":14,"column":14},"end":{"line":14,"column":32}},"6":{"start":{"line":15,"column":2},"end":{"line":15,"column":36}},"7":{"start":{"line":18,"column":14},"end":{"line":18,"column":27}},"8":{"start":{"line":19,"column":2},"end":{"line":19,"column":33}}},"fnMap":{"0":{"name":"(anonymous_0)","decl":{"start":{"line":5,"column":1},"end":{"line":5,"column":2}},"loc":{"start":{"line":5,"column":27},"end":{"line":8,"column":2}},"line":5},"1":{"name":"(anonymous_1)","decl":{"start":{"line":9,"column":1},"end":{"line":9,"column":2}},"loc":{"start":{"line":9,"column":41},"end":{"line":12,"column":2}},"line":9},"2":{"name":"(anonymous_2)","decl":{"start":{"line":13,"column":1},"end":{"line":13,"column":2}},"loc":{"start":{"line":13,"column":50},"end":{"line":16,"column":2}},"line":13},"3":{"name":"(anonymous_3)","decl":{"start":{"line":17,"column":1},"end":{"line":17,"column":2}},"loc":{"start":{"line":17,"column":35},"end":{"line":20,"column":2}},"line":17}},"branchMap":{},"s":{"0":1,"1":7,"2":7,"3":1,"4":1,"5":2,"6":2,"7":2,"8":2},"f":{"0":7,"1":1,"2":2,"3":2},"b":{},"_coverageSchema":"1a1c01bbd47fc00a2c39e90264f33305004495a9","hash":"c8bce5621ad73e33983e3add2a7a2ea2a0cbb4fa"}
,"D:\\react\\nt-todolist\\src\\config\\config.ts": {"path":"D:\\react\\nt-todolist\\src\\config\\config.ts","statementMap":{"0":{"start":{"line":1,"column":23},"end":{"line":1,"column":58}}},"fnMap":{},"branchMap":{"0":{"loc":{"start":{"line":1,"column":23},"end":{"line":1,"column":58}},"type":"binary-expr","locations":[{"start":{"line":1,"column":23},"end":{"line":1,"column":52}},{"start":{"line":1,"column":56},"end":{"line":1,"column":58}}],"line":1}},"s":{"0":1},"f":{},"b":{"0":[1,0]},"_coverageSchema":"1a1c01bbd47fc00a2c39e90264f33305004495a9","hash":"ddef5dbc0226064f68ccc798793ee56f721aea59"}
,"D:\\react\\nt-todolist\\src\\features\\Todo\\Filter.tsx": {"path":"D:\\react\\nt-todolist\\src\\features\\Todo\\Filter.tsx","statementMap":{"0":{"start":{"line":8,"column":19},"end":{"line":49,"column":1}},"1":{"start":{"line":9,"column":22},"end":{"line":11,"column":2}},"2":{"start":{"line":10,"column":2},"end":{"line":10,"column":27}},"3":{"start":{"line":12,"column":1},"end":{"line":48,"column":3}}},"fnMap":{"0":{"name":"(anonymous_0)","decl":{"start":{"line":8,"column":19},"end":{"line":8,"column":20}},"loc":{"start":{"line":8,"column":54},"end":{"line":49,"column":1}},"line":8},"1":{"name":"(anonymous_1)","decl":{"start":{"line":9,"column":22},"end":{"line":9,"column":23}},"loc":{"start":{"line":9,"column":60},"end":{"line":11,"column":2}},"line":9}},"branchMap":{},"s":{"0":1,"1":19,"2":2,"3":19},"f":{"0":19,"1":2},"b":{},"_coverageSchema":"1a1c01bbd47fc00a2c39e90264f33305004495a9","hash":"5a08ad6670b0e9ae30401ee9f7ba121c9b7908dd"}
,"D:\\react\\nt-todolist\\src\\features\\Todo\\Form.tsx": {"path":"D:\\react\\nt-todolist\\src\\features\\Todo\\Form.tsx","statementMap":{"0":{"start":{"line":18,"column":17},"end":{"line":87,"column":1}},"1":{"start":{"line":26,"column":5},"end":{"line":29,"column":3}},"2":{"start":{"line":31,"column":35},"end":{"line":31,"column":50}},"3":{"start":{"line":32,"column":20},"end":{"line":32,"column":56}},"4":{"start":{"line":34,"column":49},"end":{"line":65,"column":2}},"5":{"start":{"line":35,"column":2},"end":{"line":35,"column":21}},"6":{"start":{"line":38,"column":23},"end":{"line":40,"column":4}},"7":{"start":{"line":39,"column":3},"end":{"line":39,"column":43}},"8":{"start":{"line":42,"column":2},"end":{"line":49,"column":3}},"9":{"start":{"line":43,"column":3},"end":{"line":46,"column":6}},"10":{"start":{"line":47,"column":3},"end":{"line":47,"column":23}},"11":{"start":{"line":48,"column":3},"end":{"line":48,"column":10}},"12":{"start":{"line":52,"column":2},"end":{"line":64,"column":3}},"13":{"start":{"line":53,"column":19},"end":{"line":56,"column":5}},"14":{"start":{"line":57,"column":3},"end":{"line":57,"column":52}},"15":{"start":{"line":57,"column":27},"end":{"line":57,"column":50}},"16":{"start":{"line":58,"column":3},"end":{"line":58,"column":23}},"17":{"start":{"line":59,"column":3},"end":{"line":59,"column":20}},"18":{"start":{"line":60,"column":3},"end":{"line":60,"column":24}},"19":{"start":{"line":62,"column":3},"end":{"line":62,"column":23}},"20":{"start":{"line":63,"column":3},"end":{"line":63,"column":20}},"21":{"start":{"line":68,"column":1},"end":{"line":70,"column":16}},"22":{"start":{"line":69,"column":2},"end":{"line":69,"column":19}},"23":{"start":{"line":72,"column":1},"end":{"line":86,"column":3}}},"fnMap":{"0":{"name":"(anonymous_0)","decl":{"start":{"line":18,"column":17},"end":{"line":18,"column":18}},"loc":{"start":{"line":18,"column":57},"end":{"line":87,"column":1}},"line":18},"1":{"name":"(anonymous_1)","decl":{"start":{"line":34,"column":49},"end":{"line":34,"column":50}},"loc":{"start":{"line":34,"column":69},"end":{"line":65,"column":2}},"line":34},"2":{"name":"(anonymous_2)","decl":{"start":{"line":38,"column":34},"end":{"line":38,"column":35}},"loc":{"start":{"line":38,"column":44},"end":{"line":40,"column":3}},"line":38},"3":{"name":"(anonymous_3)","decl":{"start":{"line":57,"column":12},"end":{"line":57,"column":13}},"loc":{"start":{"line":57,"column":27},"end":{"line":57,"column":50}},"line":57},"4":{"name":"(anonymous_4)","decl":{"start":{"line":68,"column":11},"end":{"line":68,"column":12}},"loc":{"start":{"line":68,"column":17},"end":{"line":70,"column":2}},"line":68}},"branchMap":{"0":{"loc":{"start":{"line":32,"column":20},"end":{"line":32,"column":56}},"type":"binary-expr","locations":[{"start":{"line":32,"column":20},"end":{"line":32,"column":43}},{"start":{"line":32,"column":47},"end":{"line":32,"column":56}}],"line":32},"1":{"loc":{"start":{"line":42,"column":2},"end":{"line":49,"column":3}},"type":"if","locations":[{"start":{"line":42,"column":2},"end":{"line":49,"column":3}},{"start":{"line":42,"column":2},"end":{"line":49,"column":3}}],"line":42},"2":{"loc":{"start":{"line":80,"column":5},"end":{"line":80,"column":67}},"type":"binary-expr","locations":[{"start":{"line":80,"column":5},"end":{"line":80,"column":17}},{"start":{"line":80,"column":21},"end":{"line":80,"column":67}}],"line":80},"3":{"loc":{"start":{"line":83,"column":5},"end":{"line":83,"column":33}},"type":"cond-expr","locations":[{"start":{"line":83,"column":17},"end":{"line":83,"column":25}},{"start":{"line":83,"column":28},"end":{"line":83,"column":33}}],"line":83}},"s":{"0":1,"1":33,"2":33,"3":33,"4":33,"5":1,"6":1,"7":2,"8":1,"9":0,"10":0,"11":0,"12":1,"13":1,"14":1,"15":0,"16":1,"17":1,"18":1,"19":0,"20":0,"21":33,"22":14,"23":33},"f":{"0":33,"1":1,"2":2,"3":0,"4":14},"b":{"0":[33,29],"1":[0,1],"2":[33,4],"3":[1,32]},"_coverageSchema":"1a1c01bbd47fc00a2c39e90264f33305004495a9","hash":"7027ff550390b62950862e9297dc3d835beedb54"}
,"D:\\react\\nt-todolist\\src\\features\\Todo\\Item.tsx": {"path":"D:\\react\\nt-todolist\\src\\features\\Todo\\Item.tsx","statementMap":{"0":{"start":{"line":11,"column":17},"end":{"line":77,"column":1}},"1":{"start":{"line":15,"column":47},"end":{"line":15,"column":62}},"2":{"start":{"line":18,"column":22},"end":{"line":27,"column":2}},"3":{"start":{"line":19,"column":2},"end":{"line":19,"column":27}},"4":{"start":{"line":20,"column":2},"end":{"line":26,"column":3}},"5":{"start":{"line":21,"column":3},"end":{"line":21,"column":28}},"6":{"start":{"line":22,"column":3},"end":{"line":22,"column":71}},"7":{"start":{"line":22,"column":27},"end":{"line":22,"column":69}},"8":{"start":{"line":22,"column":54},"end":{"line":22,"column":68}},"9":{"start":{"line":24,"column":3},"end":{"line":24,"column":30}},"10":{"start":{"line":25,"column":3},"end":{"line":25,"column":29}},"11":{"start":{"line":30,"column":28},"end":{"line":50,"column":2}},"12":{"start":{"line":31,"column":2},"end":{"line":49,"column":3}},"13":{"start":{"line":32,"column":3},"end":{"line":35,"column":6}},"14":{"start":{"line":36,"column":3},"end":{"line":46,"column":6}},"15":{"start":{"line":37,"column":4},"end":{"line":45,"column":7}},"16":{"start":{"line":38,"column":5},"end":{"line":40,"column":6}},"17":{"start":{"line":39,"column":6},"end":{"line":39,"column":18}},"18":{"start":{"line":41,"column":5},"end":{"line":44,"column":7}},"19":{"start":{"line":48,"column":3},"end":{"line":48,"column":30}},"20":{"start":{"line":52,"column":1},"end":{"line":76,"column":3}}},"fnMap":{"0":{"name":"(anonymous_0)","decl":{"start":{"line":11,"column":17},"end":{"line":11,"column":18}},"loc":{"start":{"line":14,"column":21},"end":{"line":77,"column":1}},"line":14},"1":{"name":"(anonymous_1)","decl":{"start":{"line":18,"column":22},"end":{"line":18,"column":23}},"loc":{"start":{"line":18,"column":34},"end":{"line":27,"column":2}},"line":18},"2":{"name":"(anonymous_2)","decl":{"start":{"line":22,"column":12},"end":{"line":22,"column":13}},"loc":{"start":{"line":22,"column":27},"end":{"line":22,"column":69}},"line":22},"3":{"name":"(anonymous_3)","decl":{"start":{"line":22,"column":44},"end":{"line":22,"column":45}},"loc":{"start":{"line":22,"column":54},"end":{"line":22,"column":68}},"line":22},"4":{"name":"(anonymous_4)","decl":{"start":{"line":30,"column":28},"end":{"line":30,"column":29}},"loc":{"start":{"line":30,"column":40},"end":{"line":50,"column":2}},"line":30},"5":{"name":"(anonymous_5)","decl":{"start":{"line":36,"column":12},"end":{"line":36,"column":13}},"loc":{"start":{"line":36,"column":27},"end":{"line":46,"column":4}},"line":36},"6":{"name":"(anonymous_6)","decl":{"start":{"line":37,"column":25},"end":{"line":37,"column":26}},"loc":{"start":{"line":37,"column":35},"end":{"line":45,"column":5}},"line":37}},"branchMap":{"0":{"loc":{"start":{"line":38,"column":5},"end":{"line":40,"column":6}},"type":"if","locations":[{"start":{"line":38,"column":5},"end":{"line":40,"column":6}},{"start":{"line":38,"column":5},"end":{"line":40,"column":6}}],"line":38},"1":{"loc":{"start":{"line":54,"column":27},"end":{"line":54,"column":58}},"type":"cond-expr","locations":[{"start":{"line":54,"column":39},"end":{"line":54,"column":53}},{"start":{"line":54,"column":56},"end":{"line":54,"column":58}}],"line":54},"2":{"loc":{"start":{"line":72,"column":6},"end":{"line":72,"column":45}},"type":"cond-expr","locations":[{"start":{"line":72,"column":24},"end":{"line":72,"column":34}},{"start":{"line":72,"column":37},"end":{"line":72,"column":45}}],"line":72}},"s":{"0":1,"1":19,"2":19,"3":2,"4":2,"5":2,"6":2,"7":1,"8":2,"9":0,"10":0,"11":19,"12":2,"13":2,"14":2,"15":1,"16":2,"17":1,"18":1,"19":0,"20":19},"f":{"0":19,"1":2,"2":1,"3":2,"4":2,"5":1,"6":2},"b":{"0":[1,1],"1":[9,10],"2":[2,17]},"_coverageSchema":"1a1c01bbd47fc00a2c39e90264f33305004495a9","hash":"947290be88fc31b7c5395ccd4dff12e396f2c9e6"}
,"D:\\react\\nt-todolist\\src\\features\\Todo\\List.tsx": {"path":"D:\\react\\nt-todolist\\src\\features\\Todo\\List.tsx","statementMap":{"0":{"start":{"line":12,"column":17},"end":{"line":25,"column":1}},"1":{"start":{"line":13,"column":1},"end":{"line":17,"column":2}},"2":{"start":{"line":14,"column":2},"end":{"line":14,"column":24}},"3":{"start":{"line":15,"column":8},"end":{"line":17,"column":2}},"4":{"start":{"line":16,"column":2},"end":{"line":16,"column":27}},"5":{"start":{"line":18,"column":1},"end":{"line":24,"column":3}},"6":{"start":{"line":21,"column":4},"end":{"line":21,"column":62}}},"fnMap":{"0":{"name":"(anonymous_0)","decl":{"start":{"line":12,"column":17},"end":{"line":12,"column":18}},"loc":{"start":{"line":12,"column":64},"end":{"line":25,"column":1}},"line":12},"1":{"name":"(anonymous_1)","decl":{"start":{"line":20,"column":14},"end":{"line":20,"column":15}},"loc":{"start":{"line":21,"column":4},"end":{"line":21,"column":62}},"line":21}},"branchMap":{"0":{"loc":{"start":{"line":13,"column":1},"end":{"line":17,"column":2}},"type":"if","locations":[{"start":{"line":13,"column":1},"end":{"line":17,"column":2}},{"start":{"line":13,"column":1},"end":{"line":17,"column":2}}],"line":13},"1":{"loc":{"start":{"line":15,"column":8},"end":{"line":17,"column":2}},"type":"if","locations":[{"start":{"line":15,"column":8},"end":{"line":17,"column":2}},{"start":{"line":15,"column":8},"end":{"line":17,"column":2}}],"line":15}},"s":{"0":1,"1":18,"2":1,"3":17,"4":8,"5":9,"6":15},"f":{"0":18,"1":15},"b":{"0":[1,17],"1":[8,9]},"_coverageSchema":"1a1c01bbd47fc00a2c39e90264f33305004495a9","hash":"1eaa065d3ef2d0440828ed6887d6387833bdaf43"}
,"D:\\react\\nt-todolist\\src\\features\\Todo\\Todo.tsx": {"path":"D:\\react\\nt-todolist\\src\\features\\Todo\\Todo.tsx","statementMap":{"0":{"start":{"line":8,"column":13},"end":{"line":44,"column":1}},"1":{"start":{"line":9,"column":27},"end":{"line":9,"column":51}},"2":{"start":{"line":10,"column":29},"end":{"line":10,"column":44}},"3":{"start":{"line":11,"column":27},"end":{"line":11,"column":39}},"4":{"start":{"line":14,"column":1},"end":{"line":23,"column":16}},"5":{"start":{"line":15,"column":2},"end":{"line":22,"column":7}},"6":{"start":{"line":16,"column":3},"end":{"line":21,"column":4}},"7":{"start":{"line":17,"column":30},"end":{"line":17,"column":52}},"8":{"start":{"line":18,"column":4},"end":{"line":18,"column":20}},"9":{"start":{"line":20,"column":4},"end":{"line":20,"column":66}},"10":{"start":{"line":25,"column":18},"end":{"line":32,"column":3}},"11":{"start":{"line":26,"column":2},"end":{"line":30,"column":3}},"12":{"start":{"line":27,"column":3},"end":{"line":27,"column":25}},"13":{"start":{"line":28,"column":9},"end":{"line":30,"column":3}},"14":{"start":{"line":29,"column":3},"end":{"line":29,"column":26}},"15":{"start":{"line":31,"column":2},"end":{"line":31,"column":14}},"16":{"start":{"line":34,"column":1},"end":{"line":43,"column":3}}},"fnMap":{"0":{"name":"(anonymous_0)","decl":{"start":{"line":8,"column":13},"end":{"line":8,"column":14}},"loc":{"start":{"line":8,"column":19},"end":{"line":44,"column":1}},"line":8},"1":{"name":"(anonymous_1)","decl":{"start":{"line":14,"column":11},"end":{"line":14,"column":12}},"loc":{"start":{"line":14,"column":17},"end":{"line":23,"column":2}},"line":14},"2":{"name":"(anonymous_2)","decl":{"start":{"line":15,"column":3},"end":{"line":15,"column":4}},"loc":{"start":{"line":15,"column":21},"end":{"line":22,"column":3}},"line":15},"3":{"name":"(anonymous_3)","decl":{"start":{"line":25,"column":31},"end":{"line":25,"column":32}},"loc":{"start":{"line":25,"column":41},"end":{"line":32,"column":2}},"line":25}},"branchMap":{"0":{"loc":{"start":{"line":20,"column":13},"end":{"line":20,"column":64}},"type":"binary-expr","locations":[{"start":{"line":20,"column":13},"end":{"line":20,"column":43}},{"start":{"line":20,"column":47},"end":{"line":20,"column":64}}],"line":20},"1":{"loc":{"start":{"line":26,"column":2},"end":{"line":30,"column":3}},"type":"if","locations":[{"start":{"line":26,"column":2},"end":{"line":30,"column":3}},{"start":{"line":26,"column":2},"end":{"line":30,"column":3}}],"line":26},"2":{"loc":{"start":{"line":28,"column":9},"end":{"line":30,"column":3}},"type":"if","locations":[{"start":{"line":28,"column":9},"end":{"line":30,"column":3}},{"start":{"line":28,"column":9},"end":{"line":30,"column":3}}],"line":28}},"s":{"0":1,"1":18,"2":18,"3":18,"4":18,"5":7,"6":7,"7":7,"8":6,"9":1,"10":18,"11":17,"12":2,"13":15,"14":2,"15":13,"16":18},"f":{"0":18,"1":7,"2":7,"3":17},"b":{"0":[1,0],"1":[2,15],"2":[2,13]},"_coverageSchema":"1a1c01bbd47fc00a2c39e90264f33305004495a9","hash":"d269d2ffac12652f7467ebd5803b60f37b5637cf"}
,"D:\\react\\nt-todolist\\src\\features\\Todo\\mocks\\handlers.ts": {"path":"D:\\react\\nt-todolist\\src\\features\\Todo\\mocks\\handlers.ts","statementMap":{"0":{"start":{"line":5,"column":25},"end":{"line":8,"column":1}},"1":{"start":{"line":10,"column":28},"end":{"line":47,"column":1}},"2":{"start":{"line":12,"column":34},"end":{"line":12,"column":43}},"3":{"start":{"line":13,"column":2},"end":{"line":19,"column":4}},"4":{"start":{"line":23,"column":34},"end":{"line":23,"column":43}},"5":{"start":{"line":24,"column":2},"end":{"line":30,"column":4}},"6":{"start":{"line":34,"column":34},"end":{"line":34,"column":43}},"7":{"start":{"line":35,"column":2},"end":{"line":41,"column":4}},"8":{"start":{"line":45,"column":2},"end":{"line":45,"column":34}},"9":{"start":{"line":49,"column":28},"end":{"line":51,"column":1}},"10":{"start":{"line":50,"column":1},"end":{"line":50,"column":68}}},"fnMap":{"0":{"name":"(anonymous_0)","decl":{"start":{"line":11,"column":36},"end":{"line":11,"column":37}},"loc":{"start":{"line":11,"column":55},"end":{"line":20,"column":2}},"line":11},"1":{"name":"(anonymous_1)","decl":{"start":{"line":22,"column":43},"end":{"line":22,"column":44}},"loc":{"start":{"line":22,"column":62},"end":{"line":31,"column":2}},"line":22},"2":{"name":"(anonymous_2)","decl":{"start":{"line":33,"column":46},"end":{"line":33,"column":47}},"loc":{"start":{"line":33,"column":65},"end":{"line":42,"column":2}},"line":33},"3":{"name":"(anonymous_3)","decl":{"start":{"line":44,"column":37},"end":{"line":44,"column":38}},"loc":{"start":{"line":44,"column":56},"end":{"line":46,"column":2}},"line":44},"4":{"name":"(anonymous_4)","decl":{"start":{"line":49,"column":56},"end":{"line":49,"column":57}},"loc":{"start":{"line":50,"column":1},"end":{"line":50,"column":68}},"line":50}},"branchMap":{},"s":{"0":1,"1":1,"2":1,"3":1,"4":2,"5":2,"6":2,"7":2,"8":6,"9":1,"10":1},"f":{"0":1,"1":2,"2":2,"3":6,"4":1},"b":{},"_coverageSchema":"1a1c01bbd47fc00a2c39e90264f33305004495a9","hash":"a0b9f4a1a1be8610b18aa945c96f09ff38057b56"}
,"D:\\react\\nt-todolist\\src\\models\\todo.ts": {"path":"D:\\react\\nt-todolist\\src\\models\\todo.ts","statementMap":{},"fnMap":{},"branchMap":{},"s":{},"f":{},"b":{}}
,"D:\\react\\nt-todolist\\src\\validation\\todoSchema.ts": {"path":"D:\\react\\nt-todolist\\src\\validation\\todoSchema.ts","statementMap":{"0":{"start":{"line":3,"column":26},"end":{"line":9,"column":2}}},"fnMap":{},"branchMap":{},"s":{"0":1},"f":{},"b":{},"_coverageSchema":"1a1c01bbd47fc00a2c39e90264f33305004495a9","hash":"7b712fefdb0c1ce9a16d22495461462810e48a86"}
}
