{"D:\\react\\nt-todolist\\src\\components\\RouterWrapper.tsx": {"path":"D:\\react\\nt-todolist\\src\\components\\RouterWrapper.tsx","statementMap":{"0":{"start":{"line":6,"column":22},"end":{"line":32,"column":1}},"1":{"start":{"line":7,"column":1},"end":{"line":31,"column":3}},"2":{"start":{"line":12,"column":6},"end":{"line":26,"column":7}},"3":{"start":{"line":16,"column":22},"end":{"line":16,"column":41}},"4":{"start":{"line":23,"column":22},"end":{"line":23,"column":41}}},"fnMap":{"0":{"name":"(anonymous_0)","decl":{"start":{"line":6,"column":22},"end":{"line":6,"column":23}},"loc":{"start":{"line":6,"column":28},"end":{"line":32,"column":1}},"line":6},"1":{"name":"(anonymous_1)","decl":{"start":{"line":11,"column":17},"end":{"line":11,"column":18}},"loc":{"start":{"line":12,"column":6},"end":{"line":26,"column":7}},"line":12},"2":{"name":"(anonymous_2)","decl":{"start":{"line":16,"column":16},"end":{"line":16,"column":17}},"loc":{"start":{"line":16,"column":22},"end":{"line":16,"column":41}},"line":16},"3":{"name":"(anonymous_3)","decl":{"start":{"line":23,"column":16},"end":{"line":23,"column":17}},"loc":{"start":{"line":23,"column":22},"end":{"line":23,"column":41}},"line":23}},"branchMap":{"0":{"loc":{"start":{"line":12,"column":6},"end":{"line":26,"column":7}},"type":"cond-expr","locations":[{"start":{"line":13,"column":7},"end":{"line":18,"column":9}},{"start":{"line":20,"column":7},"end":{"line":25,"column":9}}],"line":12}},"s":{"0":1,"1":1,"2":5,"3":0,"4":3},"f":{"0":1,"1":5,"2":0,"3":3},"b":{"0":[1,4]},"_coverageSchema":"1a1c01bbd47fc00a2c39e90264f33305004495a9","hash":"0da9ee3c45c4f61ce96e59f6a60455f0de8510db"}
,"D:\\react\\nt-todolist\\src\\components\\FormFields\\CheckboxGroupField.tsx": {"path":"D:\\react\\nt-todolist\\src\\components\\FormFields\\CheckboxGroupField.tsx","statementMap":{"0":{"start":{"line":18,"column":27},"end":{"line":58,"column":1}},"1":{"start":{"line":27,"column":5},"end":{"line":27,"column":37}},"2":{"start":{"line":29,"column":43},"end":{"line":29,"column":71}},"3":{"start":{"line":31,"column":22},"end":{"line":37,"column":2}},"4":{"start":{"line":32,"column":20},"end":{"line":34,"column":37}},"5":{"start":{"line":33,"column":54},"end":{"line":33,"column":75}},"6":{"start":{"line":35,"column":2},"end":{"line":35,"column":30}},"7":{"start":{"line":36,"column":2},"end":{"line":36,"column":19}},"8":{"start":{"line":38,"column":1},"end":{"line":57,"column":3}},"9":{"start":{"line":42,"column":4},"end":{"line":51,"column":6}},"10":{"start":{"line":48,"column":21},"end":{"line":48,"column":50}}},"fnMap":{"0":{"name":"(anonymous_0)","decl":{"start":{"line":18,"column":27},"end":{"line":18,"column":28}},"loc":{"start":{"line":23,"column":31},"end":{"line":58,"column":1}},"line":23},"1":{"name":"(anonymous_1)","decl":{"start":{"line":31,"column":22},"end":{"line":31,"column":23}},"loc":{"start":{"line":31,"column":57},"end":{"line":37,"column":2}},"line":31},"2":{"name":"(anonymous_2)","decl":{"start":{"line":33,"column":27},"end":{"line":33,"column":28}},"loc":{"start":{"line":33,"column":54},"end":{"line":33,"column":75}},"line":33},"3":{"name":"(anonymous_3)","decl":{"start":{"line":41,"column":16},"end":{"line":41,"column":17}},"loc":{"start":{"line":42,"column":4},"end":{"line":51,"column":6}},"line":42},"4":{"name":"(anonymous_4)","decl":{"start":{"line":48,"column":15},"end":{"line":48,"column":16}},"loc":{"start":{"line":48,"column":21},"end":{"line":48,"column":50}},"line":48}},"branchMap":{"0":{"loc":{"start":{"line":29,"column":52},"end":{"line":29,"column":70}},"type":"binary-expr","locations":[{"start":{"line":29,"column":52},"end":{"line":29,"column":64}},{"start":{"line":29,"column":68},"end":{"line":29,"column":70}}],"line":29},"1":{"loc":{"start":{"line":32,"column":20},"end":{"line":34,"column":37}},"type":"cond-expr","locations":[{"start":{"line":33,"column":5},"end":{"line":33,"column":76}},{"start":{"line":34,"column":5},"end":{"line":34,"column":37}}],"line":32},"2":{"loc":{"start":{"line":53,"column":4},"end":{"line":55,"column":4}},"type":"binary-expr","locations":[{"start":{"line":53,"column":4},"end":{"line":53,"column":18}},{"start":{"line":54,"column":4},"end":{"line":54,"column":66}}],"line":53}},"s":{"0":2,"1":21,"2":21,"3":21,"4":3,"5":1,"6":3,"7":3,"8":21,"9":60,"10":3},"f":{"0":21,"1":3,"2":1,"3":60,"4":3},"b":{"0":[21,0],"1":[1,2],"2":[21,2]},"_coverageSchema":"1a1c01bbd47fc00a2c39e90264f33305004495a9","hash":"3c37984f31e71f28177d7aaa6d0038966f3e9ca0"}
,"D:\\react\\nt-todolist\\src\\components\\FormFields\\InputField.tsx": {"path":"D:\\react\\nt-todolist\\src\\components\\FormFields\\InputField.tsx","statementMap":{"0":{"start":{"line":11,"column":19},"end":{"line":31,"column":1}},"1":{"start":{"line":21,"column":5},"end":{"line":21,"column":37}},"2":{"start":{"line":22,"column":1},"end":{"line":30,"column":3}}},"fnMap":{"0":{"name":"(anonymous_0)","decl":{"start":{"line":11,"column":19},"end":{"line":11,"column":20}},"loc":{"start":{"line":17,"column":23},"end":{"line":31,"column":1}},"line":17}},"branchMap":{"0":{"loc":{"start":{"line":26,"column":4},"end":{"line":28,"column":4}},"type":"binary-expr","locations":[{"start":{"line":26,"column":4},"end":{"line":26,"column":18}},{"start":{"line":27,"column":4},"end":{"line":27,"column":66}}],"line":26}},"s":{"0":2,"1":95,"2":95},"f":{"0":95},"b":{"0":[95,2]},"_coverageSchema":"1a1c01bbd47fc00a2c39e90264f33305004495a9","hash":"3dfe21655ec36bf664e6998ea0548e8aeb2a3467"}
,"D:\\react\\nt-todolist\\src\\components\\FormFields\\RadioGroupField.tsx": {"path":"D:\\react\\nt-todolist\\src\\components\\FormFields\\RadioGroupField.tsx","statementMap":{"0":{"start":{"line":17,"column":24},"end":{"line":50,"column":1}},"1":{"start":{"line":27,"column":5},"end":{"line":27,"column":37}},"2":{"start":{"line":29,"column":1},"end":{"line":49,"column":3}},"3":{"start":{"line":33,"column":4},"end":{"line":43,"column":6}},"4":{"start":{"line":40,"column":21},"end":{"line":40,"column":36}}},"fnMap":{"0":{"name":"(anonymous_0)","decl":{"start":{"line":17,"column":24},"end":{"line":17,"column":25}},"loc":{"start":{"line":23,"column":28},"end":{"line":50,"column":1}},"line":23},"1":{"name":"(anonymous_1)","decl":{"start":{"line":32,"column":16},"end":{"line":32,"column":17}},"loc":{"start":{"line":33,"column":4},"end":{"line":43,"column":6}},"line":33},"2":{"name":"(anonymous_2)","decl":{"start":{"line":40,"column":15},"end":{"line":40,"column":16}},"loc":{"start":{"line":40,"column":21},"end":{"line":40,"column":36}},"line":40}},"branchMap":{"0":{"loc":{"start":{"line":45,"column":4},"end":{"line":47,"column":4}},"type":"binary-expr","locations":[{"start":{"line":45,"column":4},"end":{"line":45,"column":18}},{"start":{"line":46,"column":4},"end":{"line":46,"column":66}}],"line":45}},"s":{"0":1,"1":3,"2":3,"3":6,"4":2},"f":{"0":3,"1":6,"2":2},"b":{"0":[3,0]},"_coverageSchema":"1a1c01bbd47fc00a2c39e90264f33305004495a9","hash":"82dfb38360d61965766b722f4b666b0c67b3015b"}
,"D:\\react\\nt-todolist\\src\\components\\FormFields\\TextareaField.tsx": {"path":"D:\\react\\nt-todolist\\src\\components\\FormFields\\TextareaField.tsx","statementMap":{"0":{"start":{"line":11,"column":22},"end":{"line":30,"column":1}},"1":{"start":{"line":20,"column":5},"end":{"line":20,"column":37}},"2":{"start":{"line":21,"column":1},"end":{"line":29,"column":3}}},"fnMap":{"0":{"name":"(anonymous_0)","decl":{"start":{"line":11,"column":22},"end":{"line":11,"column":23}},"loc":{"start":{"line":16,"column":26},"end":{"line":30,"column":1}},"line":16}},"branchMap":{"0":{"loc":{"start":{"line":25,"column":4},"end":{"line":27,"column":4}},"type":"binary-expr","locations":[{"start":{"line":25,"column":4},"end":{"line":25,"column":18}},{"start":{"line":26,"column":4},"end":{"line":26,"column":66}}],"line":25}},"s":{"0":2,"1":17,"2":17},"f":{"0":17},"b":{"0":[17,0]},"_coverageSchema":"1a1c01bbd47fc00a2c39e90264f33305004495a9","hash":"4c01c182263c112a9632e5db96de434e9ce28415"}
,"D:\\react\\nt-todolist\\src\\features\\login\\index.tsx": {"path":"D:\\react\\nt-todolist\\src\\features\\login\\index.tsx","statementMap":{"0":{"start":{"line":4,"column":14},"end":{"line":23,"column":1}},"1":{"start":{"line":5,"column":17},"end":{"line":5,"column":29}},"2":{"start":{"line":6,"column":21},"end":{"line":14,"column":2}},"3":{"start":{"line":7,"column":25},"end":{"line":7,"column":60}},"4":{"start":{"line":10,"column":2},"end":{"line":10,"column":50}},"5":{"start":{"line":11,"column":2},"end":{"line":13,"column":3}},"6":{"start":{"line":12,"column":3},"end":{"line":12,"column":28}},"7":{"start":{"line":16,"column":1},"end":{"line":22,"column":3}}},"fnMap":{"0":{"name":"(anonymous_0)","decl":{"start":{"line":4,"column":14},"end":{"line":4,"column":15}},"loc":{"start":{"line":4,"column":20},"end":{"line":23,"column":1}},"line":4},"1":{"name":"(anonymous_1)","decl":{"start":{"line":6,"column":21},"end":{"line":6,"column":22}},"loc":{"start":{"line":6,"column":27},"end":{"line":14,"column":2}},"line":6}},"branchMap":{"0":{"loc":{"start":{"line":11,"column":2},"end":{"line":13,"column":3}},"type":"if","locations":[{"start":{"line":11,"column":2},"end":{"line":13,"column":3}},{"start":{"line":11,"column":2},"end":{"line":13,"column":3}}],"line":11}},"s":{"0":1,"1":1,"2":1,"3":0,"4":0,"5":0,"6":0,"7":1},"f":{"0":1,"1":0},"b":{"0":[0,0]},"_coverageSchema":"1a1c01bbd47fc00a2c39e90264f33305004495a9","hash":"ac4786ce2f0f1fe3dae44875263708ab58d8eca8"}
,"D:\\react\\nt-todolist\\src\\features\\notFound\\index.tsx": {"path":"D:\\react\\nt-todolist\\src\\features\\notFound\\index.tsx","statementMap":{"0":{"start":{"line":1,"column":17},"end":{"line":3,"column":1}},"1":{"start":{"line":2,"column":1},"end":{"line":2,"column":29}}},"fnMap":{"0":{"name":"(anonymous_0)","decl":{"start":{"line":1,"column":17},"end":{"line":1,"column":18}},"loc":{"start":{"line":1,"column":23},"end":{"line":3,"column":1}},"line":1}},"branchMap":{},"s":{"0":1,"1":1},"f":{"0":1},"b":{},"_coverageSchema":"1a1c01bbd47fc00a2c39e90264f33305004495a9","hash":"21e9e40676b669082ed0a98357e75d8840e79c71"}
,"D:\\react\\nt-todolist\\src\\features\\profile\\index.tsx": {"path":"D:\\react\\nt-todolist\\src\\features\\profile\\index.tsx","statementMap":{"0":{"start":{"line":22,"column":22},"end":{"line":31,"column":1}},"1":{"start":{"line":34,"column":1},"end":{"line":36,"column":2}},"2":{"start":{"line":35,"column":2},"end":{"line":35,"column":15}},"3":{"start":{"line":37,"column":1},"end":{"line":37,"column":49}},"4":{"start":{"line":40,"column":20},"end":{"line":155,"column":1}},"5":{"start":{"line":41,"column":25},"end":{"line":41,"column":67}},"6":{"start":{"line":42,"column":16},"end":{"line":54,"column":3}},"7":{"start":{"line":59,"column":5},"end":{"line":62,"column":3}},"8":{"start":{"line":63,"column":60},"end":{"line":65,"column":2}},"9":{"start":{"line":64,"column":2},"end":{"line":64,"column":38}},"10":{"start":{"line":66,"column":1},"end":{"line":154,"column":3}},"11":{"start":{"line":143,"column":10},"end":{"line":145,"column":15}}},"fnMap":{"0":{"name":"transformProfileValue","decl":{"start":{"line":33,"column":9},"end":{"line":33,"column":30}},"loc":{"start":{"line":33,"column":70},"end":{"line":38,"column":1}},"line":33},"1":{"name":"(anonymous_1)","decl":{"start":{"line":40,"column":20},"end":{"line":40,"column":21}},"loc":{"start":{"line":40,"column":26},"end":{"line":155,"column":1}},"line":40},"2":{"name":"(anonymous_2)","decl":{"start":{"line":63,"column":60},"end":{"line":63,"column":61}},"loc":{"start":{"line":63,"column":76},"end":{"line":65,"column":2}},"line":63},"3":{"name":"(anonymous_3)","decl":{"start":{"line":142,"column":35},"end":{"line":142,"column":36}},"loc":{"start":{"line":143,"column":10},"end":{"line":145,"column":15}},"line":143}},"branchMap":{"0":{"loc":{"start":{"line":34,"column":1},"end":{"line":36,"column":2}},"type":"if","locations":[{"start":{"line":34,"column":1},"end":{"line":36,"column":2}},{"start":{"line":34,"column":1},"end":{"line":36,"column":2}}],"line":34},"1":{"loc":{"start":{"line":37,"column":8},"end":{"line":37,"column":48}},"type":"binary-expr","locations":[{"start":{"line":37,"column":8},"end":{"line":37,"column":28}},{"start":{"line":37,"column":32},"end":{"line":37,"column":48}}],"line":37},"2":{"loc":{"start":{"line":138,"column":7},"end":{"line":149,"column":7}},"type":"binary-expr","locations":[{"start":{"line":138,"column":7},"end":{"line":138,"column":17}},{"start":{"line":139,"column":7},"end":{"line":148,"column":10}}],"line":138}},"s":{"0":1,"1":16,"2":14,"3":2,"4":1,"5":11,"6":11,"7":11,"8":11,"9":1,"10":11,"11":16},"f":{"0":16,"1":11,"2":1,"3":16},"b":{"0":[14,2],"1":[2,2],"2":[11,2]},"_coverageSchema":"1a1c01bbd47fc00a2c39e90264f33305004495a9","hash":"a3b110d64e5a5edb5369116c2f0140c0c9e246f8"}
,"D:\\react\\nt-todolist\\src\\features\\screen1\\index.tsx": {"path":"D:\\react\\nt-todolist\\src\\features\\screen1\\index.tsx","statementMap":{"0":{"start":{"line":6,"column":16},"end":{"line":28,"column":1}},"1":{"start":{"line":7,"column":25},"end":{"line":7,"column":41}},"2":{"start":{"line":8,"column":1},"end":{"line":17,"column":8}},"3":{"start":{"line":9,"column":2},"end":{"line":16,"column":7}},"4":{"start":{"line":10,"column":3},"end":{"line":15,"column":4}},"5":{"start":{"line":11,"column":17},"end":{"line":11,"column":37}},"6":{"start":{"line":12,"column":4},"end":{"line":12,"column":18}},"7":{"start":{"line":14,"column":4},"end":{"line":14,"column":31}},"8":{"start":{"line":19,"column":1},"end":{"line":27,"column":3}}},"fnMap":{"0":{"name":"(anonymous_0)","decl":{"start":{"line":6,"column":16},"end":{"line":6,"column":17}},"loc":{"start":{"line":6,"column":22},"end":{"line":28,"column":1}},"line":6},"1":{"name":"(anonymous_1)","decl":{"start":{"line":8,"column":11},"end":{"line":8,"column":12}},"loc":{"start":{"line":8,"column":17},"end":{"line":17,"column":2}},"line":8},"2":{"name":"(anonymous_2)","decl":{"start":{"line":9,"column":3},"end":{"line":9,"column":4}},"loc":{"start":{"line":9,"column":21},"end":{"line":16,"column":3}},"line":9}},"branchMap":{},"s":{"0":2,"1":6,"2":6,"3":3,"4":3,"5":3,"6":3,"7":0,"8":6},"f":{"0":6,"1":3,"2":3},"b":{},"_coverageSchema":"1a1c01bbd47fc00a2c39e90264f33305004495a9","hash":"a735740947411187c37b6ec42d7fda2dba0b6f7d"}
,"D:\\react\\nt-todolist\\src\\features\\screen2\\index.tsx": {"path":"D:\\react\\nt-todolist\\src\\features\\screen2\\index.tsx","statementMap":{"0":{"start":{"line":6,"column":16},"end":{"line":30,"column":1}},"1":{"start":{"line":7,"column":25},"end":{"line":7,"column":41}},"2":{"start":{"line":9,"column":1},"end":{"line":18,"column":8}},"3":{"start":{"line":10,"column":2},"end":{"line":17,"column":7}},"4":{"start":{"line":11,"column":3},"end":{"line":16,"column":4}},"5":{"start":{"line":12,"column":17},"end":{"line":12,"column":37}},"6":{"start":{"line":13,"column":4},"end":{"line":13,"column":18}},"7":{"start":{"line":15,"column":4},"end":{"line":15,"column":31}},"8":{"start":{"line":19,"column":1},"end":{"line":29,"column":3}}},"fnMap":{"0":{"name":"(anonymous_0)","decl":{"start":{"line":6,"column":16},"end":{"line":6,"column":17}},"loc":{"start":{"line":6,"column":22},"end":{"line":30,"column":1}},"line":6},"1":{"name":"(anonymous_1)","decl":{"start":{"line":9,"column":11},"end":{"line":9,"column":12}},"loc":{"start":{"line":9,"column":17},"end":{"line":18,"column":2}},"line":9},"2":{"name":"(anonymous_2)","decl":{"start":{"line":10,"column":3},"end":{"line":10,"column":4}},"loc":{"start":{"line":10,"column":21},"end":{"line":17,"column":3}},"line":10}},"branchMap":{},"s":{"0":2,"1":4,"2":4,"3":2,"4":2,"5":2,"6":2,"7":0,"8":4},"f":{"0":4,"1":2,"2":2},"b":{},"_coverageSchema":"1a1c01bbd47fc00a2c39e90264f33305004495a9","hash":"4f6a362e69d1d2c70c993faac62552e301b5fc5a"}
}
