TN:
SF:src\components\LanguageSwitcher.tsx
FN:11,(anonymous_0)
FN:15,(anonymous_1)
FN:22,(anonymous_2)
FNF:3
FNH:2
FNDA:2,(anonymous_0)
FNDA:4,(anonymous_1)
FNDA:0,(anonymous_2)
DA:7,2
DA:11,2
DA:12,2
DA:13,2
DA:16,4
DA:22,0
LF:6
LH:5
BRDA:19,0,0,0
BRDA:19,0,1,4
BRF:2
BRH:1
end_of_record
TN:
SF:src\components\LogoutButton.tsx
FN:4,(anonymous_0)
FN:8,(anonymous_1)
FNF:2
FNH:2
FNDA:18,(anonymous_0)
FNDA:1,(anonymous_1)
DA:4,3
DA:5,18
DA:6,18
DA:8,18
DA:9,1
DA:10,1
DA:12,18
LF:7
LH:7
BRF:0
BRH:0
end_of_record
TN:
SF:src\components\RouterWrapper.tsx
FN:9,(anonymous_0)
FN:18,(anonymous_1)
FN:23,(anonymous_2)
FN:30,(anonymous_3)
FNF:4
FNH:3
FNDA:1,(anonymous_0)
FNDA:6,(anonymous_1)
FNDA:0,(anonymous_2)
FNDA:3,(anonymous_3)
DA:9,1
DA:10,1
DA:19,6
DA:23,0
DA:30,3
LF:5
LH:4
BRDA:19,0,0,2
BRDA:19,0,1,4
BRF:2
BRH:2
end_of_record
TN:
SF:src\components\ThemeButton.tsx
FN:6,(anonymous_0)
FN:7,(anonymous_1)
FN:12,(anonymous_2)
FN:18,(anonymous_3)
FN:23,(anonymous_4)
FNF:5
FNH:5
FNDA:4,(anonymous_0)
FNDA:3,(anonymous_1)
FNDA:3,(anonymous_2)
FNDA:1,(anonymous_3)
FNDA:4,(anonymous_4)
DA:4,2
DA:5,2
DA:6,2
DA:7,4
DA:8,3
DA:12,4
DA:13,3
DA:14,3
DA:15,3
DA:18,4
DA:19,1
DA:20,1
DA:23,4
DA:24,4
DA:25,4
DA:26,4
DA:29,4
LF:17
LH:17
BRDA:5,0,0,2
BRDA:5,0,1,0
BRDA:8,1,0,0
BRDA:8,1,1,3
BRDA:13,2,0,3
BRDA:13,2,1,2
BRDA:19,3,0,1
BRDA:19,3,1,0
BRF:8
BRH:5
end_of_record
TN:
SF:src\components\FormFields\CheckboxGroupField.tsx
FN:18,(anonymous_0)
FN:31,(anonymous_1)
FN:33,(anonymous_2)
FN:41,(anonymous_3)
FN:48,(anonymous_4)
FNF:5
FNH:5
FNDA:21,(anonymous_0)
FNDA:3,(anonymous_1)
FNDA:1,(anonymous_2)
FNDA:60,(anonymous_3)
FNDA:3,(anonymous_4)
DA:18,2
DA:27,21
DA:29,21
DA:31,21
DA:32,3
DA:33,1
DA:35,3
DA:36,3
DA:38,21
DA:42,60
DA:48,3
LF:11
LH:11
BRDA:29,0,0,21
BRDA:29,0,1,0
BRDA:32,1,0,1
BRDA:32,1,1,2
BRDA:53,2,0,21
BRDA:53,2,1,2
BRF:6
BRH:5
end_of_record
TN:
SF:src\components\FormFields\InputField.tsx
FN:11,(anonymous_0)
FNF:1
FNH:1
FNDA:95,(anonymous_0)
DA:11,2
DA:21,95
DA:22,95
LF:3
LH:3
BRDA:26,0,0,95
BRDA:26,0,1,2
BRF:2
BRH:2
end_of_record
TN:
SF:src\components\FormFields\RadioGroupField.tsx
FN:17,(anonymous_0)
FN:32,(anonymous_1)
FN:40,(anonymous_2)
FNF:3
FNH:3
FNDA:3,(anonymous_0)
FNDA:6,(anonymous_1)
FNDA:2,(anonymous_2)
DA:17,1
DA:27,3
DA:29,3
DA:33,6
DA:40,2
LF:5
LH:5
BRDA:45,0,0,3
BRDA:45,0,1,0
BRF:2
BRH:1
end_of_record
TN:
SF:src\components\FormFields\TextareaField.tsx
FN:11,(anonymous_0)
FNF:1
FNH:1
FNDA:17,(anonymous_0)
DA:11,2
DA:20,17
DA:21,17
LF:3
LH:3
BRDA:25,0,0,17
BRDA:25,0,1,0
BRF:2
BRH:1
end_of_record
TN:
SF:src\features\login\index.tsx
FN:6,(anonymous_0)
FN:12,(anonymous_1)
FN:16,(anonymous_2)
FN:38,(anonymous_3)
FN:48,(anonymous_4)
FN:55,(anonymous_5)
FNF:6
FNH:6
FNDA:8,(anonymous_0)
FNDA:6,(anonymous_1)
FNDA:2,(anonymous_2)
FNDA:2,(anonymous_3)
FNDA:1,(anonymous_4)
FNDA:1,(anonymous_5)
DA:6,1
DA:7,8
DA:8,8
DA:10,8
DA:12,8
DA:13,6
DA:14,2
DA:15,2
DA:16,2
DA:17,2
DA:19,2
DA:23,2
DA:25,2
DA:27,2
DA:28,2
DA:29,2
DA:32,0
DA:33,0
DA:38,8
DA:39,2
DA:40,2
DA:43,8
DA:48,1
DA:55,1
LF:24
LH:22
BRDA:13,0,0,4
BRDA:13,0,1,2
BRDA:28,1,0,2
BRDA:28,1,1,0
BRF:4
BRH:3
end_of_record
TN:
SF:src\features\notFound\index.tsx
FN:1,(anonymous_0)
FNF:1
FNH:1
FNDA:1,(anonymous_0)
DA:1,1
DA:2,1
LF:2
LH:2
BRF:0
BRH:0
end_of_record
TN:
SF:src\features\profile\index.tsx
FN:34,transformProfileValue
FN:41,(anonymous_1)
FN:64,(anonymous_2)
FN:144,(anonymous_3)
FNF:4
FNH:4
FNDA:16,transformProfileValue
FNDA:11,(anonymous_1)
FNDA:1,(anonymous_2)
FNDA:16,(anonymous_3)
DA:23,1
DA:35,16
DA:36,14
DA:38,2
DA:41,1
DA:42,11
DA:43,11
DA:60,11
DA:64,11
DA:65,1
DA:67,11
DA:145,16
LF:12
LH:12
BRDA:35,0,0,14
BRDA:35,0,1,2
BRDA:38,1,0,2
BRDA:38,1,1,2
BRDA:140,2,0,11
BRDA:140,2,1,2
BRF:6
BRH:6
end_of_record
TN:
SF:src\features\screen1\index.tsx
FN:7,(anonymous_0)
FN:10,(anonymous_1)
FN:11,(anonymous_2)
FNF:3
FNH:3
FNDA:6,(anonymous_0)
FNDA:3,(anonymous_1)
FNDA:3,(anonymous_2)
DA:7,2
DA:8,6
DA:9,6
DA:10,6
DA:11,3
DA:12,3
DA:13,3
DA:14,3
DA:16,0
DA:21,6
LF:10
LH:9
BRF:0
BRH:0
end_of_record
TN:
SF:src\features\screen2\index.tsx
FN:7,(anonymous_0)
FN:12,(anonymous_1)
FN:13,(anonymous_2)
FNF:3
FNH:3
FNDA:4,(anonymous_0)
FNDA:2,(anonymous_1)
FNDA:2,(anonymous_2)
DA:7,2
DA:8,4
DA:10,4
DA:12,4
DA:13,2
DA:14,2
DA:15,2
DA:16,2
DA:18,0
DA:22,4
LF:10
LH:9
BRF:0
BRH:0
end_of_record
TN:
SF:src\features\userList\index.tsx
FN:5,(anonymous_0)
FN:9,(anonymous_1)
FN:15,(anonymous_2)
FN:30,(anonymous_3)
FN:35,(anonymous_4)
FN:39,(anonymous_5)
FN:59,(anonymous_6)
FNF:7
FNH:6
FNDA:5,(anonymous_0)
FNDA:5,(anonymous_1)
FNDA:1,(anonymous_2)
FNDA:1,(anonymous_3)
FNDA:1,(anonymous_4)
FNDA:0,(anonymous_5)
FNDA:1,(anonymous_6)
DA:5,1
DA:6,5
DA:7,5
DA:8,5
DA:9,5
DA:10,5
DA:11,4
DA:13,1
DA:15,1
DA:16,1
DA:17,1
DA:18,1
DA:21,1
DA:22,1
DA:25,0
DA:26,0
DA:30,1
DA:31,1
DA:35,5
DA:36,1
DA:39,5
DA:40,0
DA:41,0
DA:44,5
DA:60,1
LF:25
LH:21
BRDA:10,0,0,4
BRDA:10,0,1,1
BRDA:17,1,0,1
BRDA:17,1,1,0
BRDA:19,2,0,0
BRDA:19,2,1,1
BRDA:58,3,0,5
BRDA:58,3,1,1
BRF:8
BRH:6
end_of_record
