TN:
SF:src\App.tsx
FN:3,App
FNF:1
FNH:0
FNDA:0,App
DA:4,0
LF:1
LH:0
BRF:0
BRH:0
end_of_record
TN:
SF:src\index.tsx
FNF:0
FNH:0
DA:6,0
LF:1
LH:0
BRF:0
BRH:0
end_of_record
TN:
SF:src\server.ts
FNF:0
FNH:0
DA:9,1
LF:1
LH:1
BRF:0
BRH:0
end_of_record
TN:
SF:src\api\axiosClient.ts
FN:13,(anonymous_0)
FN:17,(anonymous_1)
FN:25,(anonymous_2)
FN:30,(anonymous_3)
FNF:4
FNH:3
FNDA:12,(anonymous_0)
FNDA:0,(anonymous_1)
FNDA:11,(anonymous_2)
FNDA:1,(anonymous_3)
DA:4,1
DA:12,1
DA:15,12
DA:19,0
DA:24,1
DA:28,11
DA:33,1
LF:7
LH:6
BRF:0
BRH:0
end_of_record
TN:
SF:src\api\todoApi.ts
FN:5,(anonymous_0)
FN:9,(anonymous_1)
FN:13,(anonymous_2)
FN:17,(anonymous_3)
FNF:4
FNH:4
FNDA:7,(anonymous_0)
FNDA:1,(anonymous_1)
FNDA:2,(anonymous_2)
FNDA:2,(anonymous_3)
DA:4,1
DA:6,7
DA:7,7
DA:10,1
DA:11,1
DA:14,2
DA:15,2
DA:18,2
DA:19,2
LF:9
LH:9
BRF:0
BRH:0
end_of_record
TN:
SF:src\config\config.ts
FNF:0
FNH:0
DA:1,1
LF:1
LH:1
BRDA:1,0,0,1
BRDA:1,0,1,0
BRF:2
BRH:1
end_of_record
TN:
SF:src\features\Todo\Filter.tsx
FN:8,(anonymous_0)
FN:9,(anonymous_1)
FNF:2
FNH:2
FNDA:19,(anonymous_0)
FNDA:2,(anonymous_1)
DA:8,1
DA:9,19
DA:10,2
DA:12,19
LF:4
LH:4
BRF:0
BRH:0
end_of_record
TN:
SF:src\features\Todo\Form.tsx
FN:18,(anonymous_0)
FN:34,(anonymous_1)
FN:38,(anonymous_2)
FN:57,(anonymous_3)
FN:68,(anonymous_4)
FNF:5
FNH:4
FNDA:33,(anonymous_0)
FNDA:1,(anonymous_1)
FNDA:2,(anonymous_2)
FNDA:0,(anonymous_3)
FNDA:14,(anonymous_4)
DA:18,1
DA:26,33
DA:31,33
DA:32,33
DA:34,33
DA:35,1
DA:38,1
DA:39,2
DA:42,1
DA:43,0
DA:47,0
DA:48,0
DA:52,1
DA:53,1
DA:57,1
DA:58,1
DA:59,1
DA:60,1
DA:62,0
DA:63,0
DA:68,33
DA:69,14
DA:72,33
LF:23
LH:18
BRDA:32,0,0,33
BRDA:32,0,1,29
BRDA:42,1,0,0
BRDA:42,1,1,1
BRDA:80,2,0,33
BRDA:80,2,1,4
BRDA:83,3,0,1
BRDA:83,3,1,32
BRF:8
BRH:7
end_of_record
TN:
SF:src\features\Todo\Item.tsx
FN:11,(anonymous_0)
FN:18,(anonymous_1)
FN:22,(anonymous_2)
FN:22,(anonymous_3)
FN:30,(anonymous_4)
FN:36,(anonymous_5)
FN:37,(anonymous_6)
FNF:7
FNH:7
FNDA:19,(anonymous_0)
FNDA:2,(anonymous_1)
FNDA:1,(anonymous_2)
FNDA:2,(anonymous_3)
FNDA:2,(anonymous_4)
FNDA:1,(anonymous_5)
FNDA:2,(anonymous_6)
DA:11,1
DA:15,19
DA:18,19
DA:19,2
DA:20,2
DA:21,2
DA:22,2
DA:24,0
DA:25,0
DA:30,19
DA:31,2
DA:32,2
DA:36,2
DA:37,1
DA:38,2
DA:39,1
DA:41,1
DA:48,0
DA:52,19
LF:19
LH:16
BRDA:38,0,0,1
BRDA:38,0,1,1
BRDA:54,1,0,9
BRDA:54,1,1,10
BRDA:72,2,0,2
BRDA:72,2,1,17
BRF:6
BRH:6
end_of_record
TN:
SF:src\features\Todo\List.tsx
FN:12,(anonymous_0)
FN:20,(anonymous_1)
FNF:2
FNH:2
FNDA:18,(anonymous_0)
FNDA:15,(anonymous_1)
DA:12,1
DA:13,18
DA:14,1
DA:15,17
DA:16,8
DA:18,9
DA:21,15
LF:7
LH:7
BRDA:13,0,0,1
BRDA:13,0,1,17
BRDA:15,1,0,8
BRDA:15,1,1,9
BRF:4
BRH:4
end_of_record
TN:
SF:src\features\Todo\Todo.tsx
FN:8,(anonymous_0)
FN:14,(anonymous_1)
FN:15,(anonymous_2)
FN:25,(anonymous_3)
FNF:4
FNH:4
FNDA:18,(anonymous_0)
FNDA:7,(anonymous_1)
FNDA:7,(anonymous_2)
FNDA:17,(anonymous_3)
DA:8,1
DA:9,18
DA:10,18
DA:11,18
DA:14,18
DA:15,7
DA:16,7
DA:17,7
DA:18,6
DA:20,1
DA:25,18
DA:26,17
DA:27,2
DA:28,15
DA:29,2
DA:31,13
DA:34,18
LF:17
LH:17
BRDA:20,0,0,1
BRDA:20,0,1,0
BRDA:26,1,0,2
BRDA:26,1,1,15
BRDA:28,2,0,2
BRDA:28,2,1,13
BRF:6
BRH:5
end_of_record
TN:
SF:src\features\Todo\mocks\handlers.ts
FN:11,(anonymous_0)
FN:22,(anonymous_1)
FN:33,(anonymous_2)
FN:44,(anonymous_3)
FN:49,(anonymous_4)
FNF:5
FNH:5
FNDA:1,(anonymous_0)
FNDA:2,(anonymous_1)
FNDA:2,(anonymous_2)
FNDA:6,(anonymous_3)
FNDA:1,(anonymous_4)
DA:5,1
DA:10,1
DA:12,1
DA:13,1
DA:23,2
DA:24,2
DA:34,2
DA:35,2
DA:45,6
DA:49,1
DA:50,1
LF:11
LH:11
BRF:0
BRH:0
end_of_record
TN:
SF:src\models\todo.ts
FNF:0
FNH:0
LF:0
LH:0
BRF:0
BRH:0
end_of_record
TN:
SF:src\validation\todoSchema.ts
FNF:0
FNH:0
DA:3,1
LF:1
LH:1
BRF:0
BRH:0
end_of_record
